<?xml version="1.0" encoding="UTF-8"?>
<!-- Generated by org.testng.reporters.JUnitReportReporter -->
<testsuite hostname="Ganesan-PC" name="Pack.Sample1" tests="4" failures="0" timestamp="12 Mar 2015 13:59:43 GMT" time="0.019" errors="0">
  <testcase name="testMethodOne" time="0.016" classname="Pack.Sample1"/>
  <testcase name="testMethodOne" time="0.001" classname="Pack.Sample1"/>
  <testcase name="testMethodThree" time="0.001" classname="Pack.Sample1"/>
  <testcase name="testMethodTwo" time="0.001" classname="Pack.Sample1"/>
</testsuite> <!-- Pack.Sample1 -->
