<?xml version="1.0" encoding="UTF-8"?>
<!-- Generated by org.testng.reporters.JUnitReportReporter -->
<testsuite hostname="Ganesan-PC" name="Pack.NewTest" tests="1" failures="0" timestamp="12 Mar 2015 13:59:43 GMT" time="8.733" errors="0">
  <testcase name="f" time="8.733" classname="Pack.NewTest"/>
</testsuite> <!-- Pack.NewTest -->
